  Background.cpp
  Game_play.cpp
  Hero_1.cpp
C:\Users\Usuario\OneDrive\Escritorio\Proyecto_lab_II\Hero_1.cpp(36,56): warning C4244: 'argumento': conversión de 'float' a 'T'; posible pérdida de datos
C:\Users\Usuario\OneDrive\Escritorio\Proyecto_lab_II\Hero_1.cpp(36,56): warning C4244:         with
C:\Users\Usuario\OneDrive\Escritorio\Proyecto_lab_II\Hero_1.cpp(36,56): warning C4244:         [
C:\Users\Usuario\OneDrive\Escritorio\Proyecto_lab_II\Hero_1.cpp(36,56): warning C4244:             T=int
C:\Users\Usuario\OneDrive\Escritorio\Proyecto_lab_II\Hero_1.cpp(36,56): warning C4244:         ]
C:\Users\Usuario\OneDrive\Escritorio\Proyecto_lab_II\Hero_1.cpp(42,56): warning C4244: 'argumento': conversión de 'float' a 'T'; posible pérdida de datos
C:\Users\Usuario\OneDrive\Escritorio\Proyecto_lab_II\Hero_1.cpp(42,56): warning C4244:         with
C:\Users\Usuario\OneDrive\Escritorio\Proyecto_lab_II\Hero_1.cpp(42,56): warning C4244:         [
C:\Users\Usuario\OneDrive\Escritorio\Proyecto_lab_II\Hero_1.cpp(42,56): warning C4244:             T=int
C:\Users\Usuario\OneDrive\Escritorio\Proyecto_lab_II\Hero_1.cpp(42,56): warning C4244:         ]
C:\Users\Usuario\OneDrive\Escritorio\Proyecto_lab_II\Hero_1.cpp(46,26): warning C4305: '=': truncamiento de 'double' a 'float'
C:\Users\Usuario\OneDrive\Escritorio\Proyecto_lab_II\Hero_1.cpp(48,31): warning C4244: '=': conversión de 'double' a 'int'; posible pérdida de datos
C:\Users\Usuario\OneDrive\Escritorio\Proyecto_lab_II\Hero_1.cpp(50,65): warning C4244: 'argumento': conversión de 'float' a 'T'; posible pérdida de datos
C:\Users\Usuario\OneDrive\Escritorio\Proyecto_lab_II\Hero_1.cpp(50,65): warning C4244:         with
C:\Users\Usuario\OneDrive\Escritorio\Proyecto_lab_II\Hero_1.cpp(50,65): warning C4244:         [
C:\Users\Usuario\OneDrive\Escritorio\Proyecto_lab_II\Hero_1.cpp(50,65): warning C4244:             T=int
C:\Users\Usuario\OneDrive\Escritorio\Proyecto_lab_II\Hero_1.cpp(50,65): warning C4244:         ]
C:\Users\Usuario\OneDrive\Escritorio\Proyecto_lab_II\Hero_1.cpp(56,26): warning C4305: '=': truncamiento de 'double' a 'float'
C:\Users\Usuario\OneDrive\Escritorio\Proyecto_lab_II\Hero_1.cpp(58,31): warning C4244: '=': conversión de 'double' a 'int'; posible pérdida de datos
C:\Users\Usuario\OneDrive\Escritorio\Proyecto_lab_II\Hero_1.cpp(60,65): warning C4244: 'argumento': conversión de 'float' a 'T'; posible pérdida de datos
C:\Users\Usuario\OneDrive\Escritorio\Proyecto_lab_II\Hero_1.cpp(60,65): warning C4244:         with
C:\Users\Usuario\OneDrive\Escritorio\Proyecto_lab_II\Hero_1.cpp(60,65): warning C4244:         [
C:\Users\Usuario\OneDrive\Escritorio\Proyecto_lab_II\Hero_1.cpp(60,65): warning C4244:             T=int
C:\Users\Usuario\OneDrive\Escritorio\Proyecto_lab_II\Hero_1.cpp(60,65): warning C4244:         ]
C:\Users\Usuario\OneDrive\Escritorio\Proyecto_lab_II\Hero_1.cpp(72,58): warning C4244: 'argumento': conversión de 'float' a 'T'; posible pérdida de datos
C:\Users\Usuario\OneDrive\Escritorio\Proyecto_lab_II\Hero_1.cpp(72,58): warning C4244:         with
C:\Users\Usuario\OneDrive\Escritorio\Proyecto_lab_II\Hero_1.cpp(72,58): warning C4244:         [
C:\Users\Usuario\OneDrive\Escritorio\Proyecto_lab_II\Hero_1.cpp(72,58): warning C4244:             T=int
C:\Users\Usuario\OneDrive\Escritorio\Proyecto_lab_II\Hero_1.cpp(72,58): warning C4244:         ]
C:\Users\Usuario\OneDrive\Escritorio\Proyecto_lab_II\Hero_1.cpp(81,58): warning C4244: 'argumento': conversión de 'float' a 'T'; posible pérdida de datos
C:\Users\Usuario\OneDrive\Escritorio\Proyecto_lab_II\Hero_1.cpp(81,58): warning C4244:         with
C:\Users\Usuario\OneDrive\Escritorio\Proyecto_lab_II\Hero_1.cpp(81,58): warning C4244:         [
C:\Users\Usuario\OneDrive\Escritorio\Proyecto_lab_II\Hero_1.cpp(81,58): warning C4244:             T=int
C:\Users\Usuario\OneDrive\Escritorio\Proyecto_lab_II\Hero_1.cpp(81,58): warning C4244:         ]
C:\Users\Usuario\OneDrive\Escritorio\Proyecto_lab_II\Hero_1.cpp(245,32): warning C4244: '+=': conversión de 'float' a 'T'; posible pérdida de datos
C:\Users\Usuario\OneDrive\Escritorio\Proyecto_lab_II\Hero_1.cpp(245,32): warning C4244:         with
C:\Users\Usuario\OneDrive\Escritorio\Proyecto_lab_II\Hero_1.cpp(245,32): warning C4244:         [
C:\Users\Usuario\OneDrive\Escritorio\Proyecto_lab_II\Hero_1.cpp(245,32): warning C4244:             T=int
C:\Users\Usuario\OneDrive\Escritorio\Proyecto_lab_II\Hero_1.cpp(245,32): warning C4244:         ]
C:\Users\Usuario\OneDrive\Escritorio\Proyecto_lab_II\Hero_1.cpp(289,26): warning C4305: '=': truncamiento de 'double' a 'float'
C:\Users\Usuario\OneDrive\Escritorio\Proyecto_lab_II\Hero_1.cpp(291,32): warning C4244: '=': conversión de 'double' a 'int'; posible pérdida de datos
C:\Users\Usuario\OneDrive\Escritorio\Proyecto_lab_II\Hero_1.cpp(292,49): warning C4305: 'argumento': truncamiento de 'double' a 'T'
C:\Users\Usuario\OneDrive\Escritorio\Proyecto_lab_II\Hero_1.cpp(292,49): warning C4305:         with
C:\Users\Usuario\OneDrive\Escritorio\Proyecto_lab_II\Hero_1.cpp(292,49): warning C4305:         [
C:\Users\Usuario\OneDrive\Escritorio\Proyecto_lab_II\Hero_1.cpp(292,49): warning C4305:             T=float
C:\Users\Usuario\OneDrive\Escritorio\Proyecto_lab_II\Hero_1.cpp(292,49): warning C4305:         ]
C:\Users\Usuario\OneDrive\Escritorio\Proyecto_lab_II\Hero_1.cpp(292,44): warning C4305: 'argumento': truncamiento de 'double' a 'T'
C:\Users\Usuario\OneDrive\Escritorio\Proyecto_lab_II\Hero_1.cpp(292,44): warning C4305:         with
C:\Users\Usuario\OneDrive\Escritorio\Proyecto_lab_II\Hero_1.cpp(292,44): warning C4305:         [
C:\Users\Usuario\OneDrive\Escritorio\Proyecto_lab_II\Hero_1.cpp(292,44): warning C4305:             T=float
C:\Users\Usuario\OneDrive\Escritorio\Proyecto_lab_II\Hero_1.cpp(292,44): warning C4305:         ]
C:\Users\Usuario\OneDrive\Escritorio\Proyecto_lab_II\Hero_1.cpp(293,53): warning C4244: 'argumento': conversión de 'float' a 'T'; posible pérdida de datos
C:\Users\Usuario\OneDrive\Escritorio\Proyecto_lab_II\Hero_1.cpp(293,53): warning C4244:         with
C:\Users\Usuario\OneDrive\Escritorio\Proyecto_lab_II\Hero_1.cpp(293,53): warning C4244:         [
C:\Users\Usuario\OneDrive\Escritorio\Proyecto_lab_II\Hero_1.cpp(293,53): warning C4244:             T=int
C:\Users\Usuario\OneDrive\Escritorio\Proyecto_lab_II\Hero_1.cpp(293,53): warning C4244:         ]
C:\Users\Usuario\OneDrive\Escritorio\Proyecto_lab_II\Hero_1.cpp(298,26): warning C4305: '=': truncamiento de 'double' a 'float'
C:\Users\Usuario\OneDrive\Escritorio\Proyecto_lab_II\Hero_1.cpp(300,32): warning C4244: '=': conversión de 'double' a 'int'; posible pérdida de datos
C:\Users\Usuario\OneDrive\Escritorio\Proyecto_lab_II\Hero_1.cpp(301,50): warning C4305: 'argumento': truncamiento de 'double' a 'T'
C:\Users\Usuario\OneDrive\Escritorio\Proyecto_lab_II\Hero_1.cpp(301,50): warning C4305:         with
C:\Users\Usuario\OneDrive\Escritorio\Proyecto_lab_II\Hero_1.cpp(301,50): warning C4305:         [
C:\Users\Usuario\OneDrive\Escritorio\Proyecto_lab_II\Hero_1.cpp(301,50): warning C4305:             T=float
C:\Users\Usuario\OneDrive\Escritorio\Proyecto_lab_II\Hero_1.cpp(301,50): warning C4305:         ]
C:\Users\Usuario\OneDrive\Escritorio\Proyecto_lab_II\Hero_1.cpp(301,45): warning C4305: 'argumento': truncamiento de 'double' a 'T'
C:\Users\Usuario\OneDrive\Escritorio\Proyecto_lab_II\Hero_1.cpp(301,45): warning C4305:         with
C:\Users\Usuario\OneDrive\Escritorio\Proyecto_lab_II\Hero_1.cpp(301,45): warning C4305:         [
C:\Users\Usuario\OneDrive\Escritorio\Proyecto_lab_II\Hero_1.cpp(301,45): warning C4305:             T=float
C:\Users\Usuario\OneDrive\Escritorio\Proyecto_lab_II\Hero_1.cpp(301,45): warning C4305:         ]
C:\Users\Usuario\OneDrive\Escritorio\Proyecto_lab_II\Hero_1.cpp(302,53): warning C4244: 'argumento': conversión de 'float' a 'T'; posible pérdida de datos
C:\Users\Usuario\OneDrive\Escritorio\Proyecto_lab_II\Hero_1.cpp(302,53): warning C4244:         with
C:\Users\Usuario\OneDrive\Escritorio\Proyecto_lab_II\Hero_1.cpp(302,53): warning C4244:         [
C:\Users\Usuario\OneDrive\Escritorio\Proyecto_lab_II\Hero_1.cpp(302,53): warning C4244:             T=int
C:\Users\Usuario\OneDrive\Escritorio\Proyecto_lab_II\Hero_1.cpp(302,53): warning C4244:         ]
C:\Users\Usuario\OneDrive\Escritorio\Proyecto_lab_II\Hero_1.cpp(307,26): warning C4305: '=': truncamiento de 'double' a 'float'
C:\Users\Usuario\OneDrive\Escritorio\Proyecto_lab_II\Hero_1.cpp(310,49): warning C4305: 'argumento': truncamiento de 'double' a 'T'
C:\Users\Usuario\OneDrive\Escritorio\Proyecto_lab_II\Hero_1.cpp(310,49): warning C4305:         with
C:\Users\Usuario\OneDrive\Escritorio\Proyecto_lab_II\Hero_1.cpp(310,49): warning C4305:         [
C:\Users\Usuario\OneDrive\Escritorio\Proyecto_lab_II\Hero_1.cpp(310,49): warning C4305:             T=float
C:\Users\Usuario\OneDrive\Escritorio\Proyecto_lab_II\Hero_1.cpp(310,49): warning C4305:         ]
C:\Users\Usuario\OneDrive\Escritorio\Proyecto_lab_II\Hero_1.cpp(310,44): warning C4305: 'argumento': truncamiento de 'double' a 'T'
C:\Users\Usuario\OneDrive\Escritorio\Proyecto_lab_II\Hero_1.cpp(310,44): warning C4305:         with
C:\Users\Usuario\OneDrive\Escritorio\Proyecto_lab_II\Hero_1.cpp(310,44): warning C4305:         [
C:\Users\Usuario\OneDrive\Escritorio\Proyecto_lab_II\Hero_1.cpp(310,44): warning C4305:             T=float
C:\Users\Usuario\OneDrive\Escritorio\Proyecto_lab_II\Hero_1.cpp(310,44): warning C4305:         ]
C:\Users\Usuario\OneDrive\Escritorio\Proyecto_lab_II\Hero_1.cpp(311,53): warning C4244: 'argumento': conversión de 'float' a 'T'; posible pérdida de datos
C:\Users\Usuario\OneDrive\Escritorio\Proyecto_lab_II\Hero_1.cpp(311,53): warning C4244:         with
C:\Users\Usuario\OneDrive\Escritorio\Proyecto_lab_II\Hero_1.cpp(311,53): warning C4244:         [
C:\Users\Usuario\OneDrive\Escritorio\Proyecto_lab_II\Hero_1.cpp(311,53): warning C4244:             T=int
C:\Users\Usuario\OneDrive\Escritorio\Proyecto_lab_II\Hero_1.cpp(311,53): warning C4244:         ]
C:\Users\Usuario\OneDrive\Escritorio\Proyecto_lab_II\Hero_1.cpp(316,26): warning C4305: '=': truncamiento de 'double' a 'float'
C:\Users\Usuario\OneDrive\Escritorio\Proyecto_lab_II\Hero_1.cpp(319,50): warning C4305: 'argumento': truncamiento de 'double' a 'T'
C:\Users\Usuario\OneDrive\Escritorio\Proyecto_lab_II\Hero_1.cpp(319,50): warning C4305:         with
C:\Users\Usuario\OneDrive\Escritorio\Proyecto_lab_II\Hero_1.cpp(319,50): warning C4305:         [
C:\Users\Usuario\OneDrive\Escritorio\Proyecto_lab_II\Hero_1.cpp(319,50): warning C4305:             T=float
C:\Users\Usuario\OneDrive\Escritorio\Proyecto_lab_II\Hero_1.cpp(319,50): warning C4305:         ]
C:\Users\Usuario\OneDrive\Escritorio\Proyecto_lab_II\Hero_1.cpp(319,45): warning C4305: 'argumento': truncamiento de 'double' a 'T'
C:\Users\Usuario\OneDrive\Escritorio\Proyecto_lab_II\Hero_1.cpp(319,45): warning C4305:         with
C:\Users\Usuario\OneDrive\Escritorio\Proyecto_lab_II\Hero_1.cpp(319,45): warning C4305:         [
C:\Users\Usuario\OneDrive\Escritorio\Proyecto_lab_II\Hero_1.cpp(319,45): warning C4305:             T=float
C:\Users\Usuario\OneDrive\Escritorio\Proyecto_lab_II\Hero_1.cpp(319,45): warning C4305:         ]
C:\Users\Usuario\OneDrive\Escritorio\Proyecto_lab_II\Hero_1.cpp(320,53): warning C4244: 'argumento': conversión de 'float' a 'T'; posible pérdida de datos
C:\Users\Usuario\OneDrive\Escritorio\Proyecto_lab_II\Hero_1.cpp(320,53): warning C4244:         with
C:\Users\Usuario\OneDrive\Escritorio\Proyecto_lab_II\Hero_1.cpp(320,53): warning C4244:         [
C:\Users\Usuario\OneDrive\Escritorio\Proyecto_lab_II\Hero_1.cpp(320,53): warning C4244:             T=int
C:\Users\Usuario\OneDrive\Escritorio\Proyecto_lab_II\Hero_1.cpp(320,53): warning C4244:         ]
  Mago.cpp
C:\Users\Usuario\OneDrive\Escritorio\Proyecto_lab_II\Mago.cpp(58,54): warning C4244: '=': conversión de 'int' a 'float'; posible pérdida de datos
C:\Users\Usuario\OneDrive\Escritorio\Proyecto_lab_II\Mago.cpp(60,60): warning C4244: 'argumento': conversión de 'float' a 'T'; posible pérdida de datos
C:\Users\Usuario\OneDrive\Escritorio\Proyecto_lab_II\Mago.cpp(60,60): warning C4244:         with
C:\Users\Usuario\OneDrive\Escritorio\Proyecto_lab_II\Mago.cpp(60,60): warning C4244:         [
C:\Users\Usuario\OneDrive\Escritorio\Proyecto_lab_II\Mago.cpp(60,60): warning C4244:             T=int
C:\Users\Usuario\OneDrive\Escritorio\Proyecto_lab_II\Mago.cpp(60,60): warning C4244:         ]
C:\Users\Usuario\OneDrive\Escritorio\Proyecto_lab_II\Mago.cpp(60,44): warning C4244: 'argumento': conversión de 'float' a 'T'; posible pérdida de datos
C:\Users\Usuario\OneDrive\Escritorio\Proyecto_lab_II\Mago.cpp(60,44): warning C4244:         with
C:\Users\Usuario\OneDrive\Escritorio\Proyecto_lab_II\Mago.cpp(60,44): warning C4244:         [
C:\Users\Usuario\OneDrive\Escritorio\Proyecto_lab_II\Mago.cpp(60,44): warning C4244:             T=int
C:\Users\Usuario\OneDrive\Escritorio\Proyecto_lab_II\Mago.cpp(60,44): warning C4244:         ]
C:\Users\Usuario\OneDrive\Escritorio\Proyecto_lab_II\Mago.cpp(109,55): warning C4244: '=': conversión de 'T' a 'int'; posible pérdida de datos
C:\Users\Usuario\OneDrive\Escritorio\Proyecto_lab_II\Mago.cpp(109,55): warning C4244:         with
C:\Users\Usuario\OneDrive\Escritorio\Proyecto_lab_II\Mago.cpp(109,55): warning C4244:         [
C:\Users\Usuario\OneDrive\Escritorio\Proyecto_lab_II\Mago.cpp(109,55): warning C4244:             T=float
C:\Users\Usuario\OneDrive\Escritorio\Proyecto_lab_II\Mago.cpp(109,55): warning C4244:         ]
C:\Users\Usuario\OneDrive\Escritorio\Proyecto_lab_II\Mago.cpp(120,28): warning C4244: '=': conversión de 'double' a 'int'; posible pérdida de datos
C:\Users\Usuario\OneDrive\Escritorio\Proyecto_lab_II\Mago.cpp(122,49): warning C4244: 'argumento': conversión de 'float' a 'T'; posible pérdida de datos
C:\Users\Usuario\OneDrive\Escritorio\Proyecto_lab_II\Mago.cpp(122,49): warning C4244:         with
C:\Users\Usuario\OneDrive\Escritorio\Proyecto_lab_II\Mago.cpp(122,49): warning C4244:         [
C:\Users\Usuario\OneDrive\Escritorio\Proyecto_lab_II\Mago.cpp(122,49): warning C4244:             T=int
C:\Users\Usuario\OneDrive\Escritorio\Proyecto_lab_II\Mago.cpp(122,49): warning C4244:         ]
C:\Users\Usuario\OneDrive\Escritorio\Proyecto_lab_II\Mago.cpp(129,28): warning C4244: '=': conversión de 'double' a 'int'; posible pérdida de datos
C:\Users\Usuario\OneDrive\Escritorio\Proyecto_lab_II\Mago.cpp(131,49): warning C4244: 'argumento': conversión de 'float' a 'T'; posible pérdida de datos
C:\Users\Usuario\OneDrive\Escritorio\Proyecto_lab_II\Mago.cpp(131,49): warning C4244:         with
C:\Users\Usuario\OneDrive\Escritorio\Proyecto_lab_II\Mago.cpp(131,49): warning C4244:         [
C:\Users\Usuario\OneDrive\Escritorio\Proyecto_lab_II\Mago.cpp(131,49): warning C4244:             T=int
C:\Users\Usuario\OneDrive\Escritorio\Proyecto_lab_II\Mago.cpp(131,49): warning C4244:         ]
  main.cpp
  Shots.cpp
C:\Users\Usuario\OneDrive\Escritorio\Proyecto_lab_II\Shots.cpp(33,59): warning C4244: 'argumento': conversión de 'float' a 'T'; posible pérdida de datos
C:\Users\Usuario\OneDrive\Escritorio\Proyecto_lab_II\Shots.cpp(33,59): warning C4244:         with
C:\Users\Usuario\OneDrive\Escritorio\Proyecto_lab_II\Shots.cpp(33,59): warning C4244:         [
C:\Users\Usuario\OneDrive\Escritorio\Proyecto_lab_II\Shots.cpp(33,59): warning C4244:             T=int
C:\Users\Usuario\OneDrive\Escritorio\Proyecto_lab_II\Shots.cpp(33,59): warning C4244:         ]
C:\Users\Usuario\OneDrive\Escritorio\Proyecto_lab_II\Shots.cpp(74,49): warning C4305: 'argumento': truncamiento de 'double' a 'T'
C:\Users\Usuario\OneDrive\Escritorio\Proyecto_lab_II\Shots.cpp(74,49): warning C4305:         with
C:\Users\Usuario\OneDrive\Escritorio\Proyecto_lab_II\Shots.cpp(74,49): warning C4305:         [
C:\Users\Usuario\OneDrive\Escritorio\Proyecto_lab_II\Shots.cpp(74,49): warning C4305:             T=float
C:\Users\Usuario\OneDrive\Escritorio\Proyecto_lab_II\Shots.cpp(74,49): warning C4305:         ]
C:\Users\Usuario\OneDrive\Escritorio\Proyecto_lab_II\Shots.cpp(74,44): warning C4305: 'argumento': truncamiento de 'double' a 'T'
C:\Users\Usuario\OneDrive\Escritorio\Proyecto_lab_II\Shots.cpp(74,44): warning C4305:         with
C:\Users\Usuario\OneDrive\Escritorio\Proyecto_lab_II\Shots.cpp(74,44): warning C4305:         [
C:\Users\Usuario\OneDrive\Escritorio\Proyecto_lab_II\Shots.cpp(74,44): warning C4305:             T=float
C:\Users\Usuario\OneDrive\Escritorio\Proyecto_lab_II\Shots.cpp(74,44): warning C4305:         ]
C:\Users\Usuario\OneDrive\Escritorio\Proyecto_lab_II\Shots.cpp(79,50): warning C4305: 'argumento': truncamiento de 'double' a 'T'
C:\Users\Usuario\OneDrive\Escritorio\Proyecto_lab_II\Shots.cpp(79,50): warning C4305:         with
C:\Users\Usuario\OneDrive\Escritorio\Proyecto_lab_II\Shots.cpp(79,50): warning C4305:         [
C:\Users\Usuario\OneDrive\Escritorio\Proyecto_lab_II\Shots.cpp(79,50): warning C4305:             T=float
C:\Users\Usuario\OneDrive\Escritorio\Proyecto_lab_II\Shots.cpp(79,50): warning C4305:         ]
C:\Users\Usuario\OneDrive\Escritorio\Proyecto_lab_II\Shots.cpp(79,45): warning C4305: 'argumento': truncamiento de 'double' a 'T'
C:\Users\Usuario\OneDrive\Escritorio\Proyecto_lab_II\Shots.cpp(79,45): warning C4305:         with
C:\Users\Usuario\OneDrive\Escritorio\Proyecto_lab_II\Shots.cpp(79,45): warning C4305:         [
C:\Users\Usuario\OneDrive\Escritorio\Proyecto_lab_II\Shots.cpp(79,45): warning C4305:             T=float
C:\Users\Usuario\OneDrive\Escritorio\Proyecto_lab_II\Shots.cpp(79,45): warning C4305:         ]
C:\Users\Usuario\OneDrive\Escritorio\Proyecto_lab_II\Shots.cpp(89,32): warning C4244: '+=': conversión de 'float' a 'T'; posible pérdida de datos
C:\Users\Usuario\OneDrive\Escritorio\Proyecto_lab_II\Shots.cpp(89,32): warning C4244:         with
C:\Users\Usuario\OneDrive\Escritorio\Proyecto_lab_II\Shots.cpp(89,32): warning C4244:         [
C:\Users\Usuario\OneDrive\Escritorio\Proyecto_lab_II\Shots.cpp(89,32): warning C4244:             T=int
C:\Users\Usuario\OneDrive\Escritorio\Proyecto_lab_II\Shots.cpp(89,32): warning C4244:         ]
C:\Users\Usuario\OneDrive\Escritorio\Proyecto_lab_II\Shots.cpp(102,49): warning C4305: 'argumento': truncamiento de 'double' a 'T'
C:\Users\Usuario\OneDrive\Escritorio\Proyecto_lab_II\Shots.cpp(102,49): warning C4305:         with
C:\Users\Usuario\OneDrive\Escritorio\Proyecto_lab_II\Shots.cpp(102,49): warning C4305:         [
C:\Users\Usuario\OneDrive\Escritorio\Proyecto_lab_II\Shots.cpp(102,49): warning C4305:             T=float
C:\Users\Usuario\OneDrive\Escritorio\Proyecto_lab_II\Shots.cpp(102,49): warning C4305:         ]
C:\Users\Usuario\OneDrive\Escritorio\Proyecto_lab_II\Shots.cpp(102,44): warning C4305: 'argumento': truncamiento de 'double' a 'T'
C:\Users\Usuario\OneDrive\Escritorio\Proyecto_lab_II\Shots.cpp(102,44): warning C4305:         with
C:\Users\Usuario\OneDrive\Escritorio\Proyecto_lab_II\Shots.cpp(102,44): warning C4305:         [
C:\Users\Usuario\OneDrive\Escritorio\Proyecto_lab_II\Shots.cpp(102,44): warning C4305:             T=float
C:\Users\Usuario\OneDrive\Escritorio\Proyecto_lab_II\Shots.cpp(102,44): warning C4305:         ]
C:\Users\Usuario\OneDrive\Escritorio\Proyecto_lab_II\Shots.cpp(106,50): warning C4305: 'argumento': truncamiento de 'double' a 'T'
C:\Users\Usuario\OneDrive\Escritorio\Proyecto_lab_II\Shots.cpp(106,50): warning C4305:         with
C:\Users\Usuario\OneDrive\Escritorio\Proyecto_lab_II\Shots.cpp(106,50): warning C4305:         [
C:\Users\Usuario\OneDrive\Escritorio\Proyecto_lab_II\Shots.cpp(106,50): warning C4305:             T=float
C:\Users\Usuario\OneDrive\Escritorio\Proyecto_lab_II\Shots.cpp(106,50): warning C4305:         ]
C:\Users\Usuario\OneDrive\Escritorio\Proyecto_lab_II\Shots.cpp(106,45): warning C4305: 'argumento': truncamiento de 'double' a 'T'
C:\Users\Usuario\OneDrive\Escritorio\Proyecto_lab_II\Shots.cpp(106,45): warning C4305:         with
C:\Users\Usuario\OneDrive\Escritorio\Proyecto_lab_II\Shots.cpp(106,45): warning C4305:         [
C:\Users\Usuario\OneDrive\Escritorio\Proyecto_lab_II\Shots.cpp(106,45): warning C4305:             T=float
C:\Users\Usuario\OneDrive\Escritorio\Proyecto_lab_II\Shots.cpp(106,45): warning C4305:         ]
  Generando código...
  Proyecto_lab_II.vcxproj -> C:\Users\Usuario\OneDrive\Escritorio\Proyecto_lab_II\x64\Debug\Proyecto_lab_II.exe
  C:\Users\Usuario\OneDrive\Escritorio\Proyecto_lab_II\packages\SFML-cpp.redist.2.5.1.1\build\native\bin\x64\Debug\openal32.dll
  1 archivo(s) copiado(s)
